mode: set
github.com/nkovacs/go-tz/moment/moment.go:14.31,16.11 2 1
github.com/nkovacs/go-tz/moment/moment.go:20.2,24.13 5 1
github.com/nkovacs/go-tz/moment/moment.go:31.2,35.10 4 1
github.com/nkovacs/go-tz/moment/moment.go:16.11,19.3 2 1
github.com/nkovacs/go-tz/moment/moment.go:24.13,29.3 4 1
github.com/nkovacs/go-tz/moment/moment.go:38.36,41.18 3 1
github.com/nkovacs/go-tz/moment/moment.go:44.2,45.32 2 1
github.com/nkovacs/go-tz/moment/moment.go:48.2,48.19 1 1
github.com/nkovacs/go-tz/moment/moment.go:52.2,52.10 1 1
github.com/nkovacs/go-tz/moment/moment.go:41.18,43.3 1 1
github.com/nkovacs/go-tz/moment/moment.go:45.32,47.3 1 1
github.com/nkovacs/go-tz/moment/moment.go:48.19,51.3 1 1
github.com/nkovacs/go-tz/moment/moment.go:56.36,60.30 3 1
github.com/nkovacs/go-tz/moment/moment.go:76.2,81.29 5 1
github.com/nkovacs/go-tz/moment/moment.go:102.2,104.30 2 1
github.com/nkovacs/go-tz/moment/moment.go:109.2,112.33 3 1
github.com/nkovacs/go-tz/moment/moment.go:117.2,124.36 6 1
github.com/nkovacs/go-tz/moment/moment.go:139.2,145.3 1 1
github.com/nkovacs/go-tz/moment/moment.go:60.30,62.29 2 1
github.com/nkovacs/go-tz/moment/moment.go:69.3,69.12 1 1
github.com/nkovacs/go-tz/moment/moment.go:72.3,73.36 2 1
github.com/nkovacs/go-tz/moment/moment.go:62.29,63.78 1 1
github.com/nkovacs/go-tz/moment/moment.go:63.78,66.10 3 1
github.com/nkovacs/go-tz/moment/moment.go:69.12,70.12 1 1
github.com/nkovacs/go-tz/moment/moment.go:81.29,83.10 2 1
github.com/nkovacs/go-tz/moment/moment.go:86.3,87.40 2 1
github.com/nkovacs/go-tz/moment/moment.go:95.3,98.5 1 1
github.com/nkovacs/go-tz/moment/moment.go:83.10,84.57 1 0
github.com/nkovacs/go-tz/moment/moment.go:87.40,92.4 4 1
github.com/nkovacs/go-tz/moment/moment.go:92.9,94.4 1 1
github.com/nkovacs/go-tz/moment/moment.go:104.30,107.3 2 1
github.com/nkovacs/go-tz/moment/moment.go:112.33,115.3 2 1
github.com/nkovacs/go-tz/moment/moment.go:124.36,125.38 1 1
github.com/nkovacs/go-tz/moment/moment.go:128.3,130.12 3 1
github.com/nkovacs/go-tz/moment/moment.go:134.3,136.43 3 1
github.com/nkovacs/go-tz/moment/moment.go:125.38,126.12 1 0
github.com/nkovacs/go-tz/moment/moment.go:130.12,132.12 2 1
github.com/nkovacs/go-tz/parse.go:39.37,40.18 1 1
github.com/nkovacs/go-tz/parse.go:45.2,47.10 3 1
github.com/nkovacs/go-tz/parse.go:40.18,44.3 3 0
github.com/nkovacs/go-tz/parse.go:50.45,52.16 2 1
github.com/nkovacs/go-tz/parse.go:56.2,56.83 1 1
github.com/nkovacs/go-tz/parse.go:52.16,55.3 2 0
github.com/nkovacs/go-tz/parse.go:59.43,61.16 2 1
github.com/nkovacs/go-tz/parse.go:65.2,65.19 1 1
github.com/nkovacs/go-tz/parse.go:61.16,64.3 2 0
github.com/nkovacs/go-tz/parse.go:69.34,70.30 1 1
github.com/nkovacs/go-tz/parse.go:75.2,75.18 1 0
github.com/nkovacs/go-tz/parse.go:70.30,71.16 1 1
github.com/nkovacs/go-tz/parse.go:71.16,73.4 1 1
github.com/nkovacs/go-tz/parse.go:84.65,88.49 2 1
github.com/nkovacs/go-tz/parse.go:93.2,94.77 2 1
github.com/nkovacs/go-tz/parse.go:105.2,114.25 3 1
github.com/nkovacs/go-tz/parse.go:123.2,147.13 8 1
github.com/nkovacs/go-tz/parse.go:158.2,159.22 2 1
github.com/nkovacs/go-tz/parse.go:178.2,179.20 2 1
github.com/nkovacs/go-tz/parse.go:201.2,201.18 1 1
github.com/nkovacs/go-tz/parse.go:208.2,210.15 2 1
github.com/nkovacs/go-tz/parse.go:88.49,90.3 1 0
github.com/nkovacs/go-tz/parse.go:94.77,96.3 1 0
github.com/nkovacs/go-tz/parse.go:114.25,116.10 2 1
github.com/nkovacs/go-tz/parse.go:119.3,119.17 1 1
github.com/nkovacs/go-tz/parse.go:116.10,118.4 1 0
github.com/nkovacs/go-tz/parse.go:147.13,149.3 1 0
github.com/nkovacs/go-tz/parse.go:159.22,162.35 3 1
github.com/nkovacs/go-tz/parse.go:165.3,167.35 3 1
github.com/nkovacs/go-tz/parse.go:170.3,171.60 2 1
github.com/nkovacs/go-tz/parse.go:174.3,174.40 1 1
github.com/nkovacs/go-tz/parse.go:162.35,164.4 1 0
github.com/nkovacs/go-tz/parse.go:167.35,169.4 1 0
github.com/nkovacs/go-tz/parse.go:171.60,173.4 1 0
github.com/nkovacs/go-tz/parse.go:179.20,182.34 3 1
github.com/nkovacs/go-tz/parse.go:185.3,186.35 2 1
github.com/nkovacs/go-tz/parse.go:189.3,189.27 1 1
github.com/nkovacs/go-tz/parse.go:182.34,184.4 1 0
github.com/nkovacs/go-tz/parse.go:186.35,188.4 1 0
github.com/nkovacs/go-tz/parse.go:201.18,205.3 1 1
github.com/nkovacs/go-tz/tz.go:26.41,29.2 2 1
github.com/nkovacs/go-tz/tz.go:31.56,32.52 1 1
github.com/nkovacs/go-tz/tz.go:35.2,35.36 1 1
github.com/nkovacs/go-tz/tz.go:38.2,38.52 1 1
github.com/nkovacs/go-tz/tz.go:32.52,34.3 1 1
github.com/nkovacs/go-tz/tz.go:35.36,37.3 1 1
